0 info it worked if it ends with ok
1 verbose cli [ 'C:\\Program Files\\nodejs\\\\node.exe',
1 verbose cli   'C:\\Program Files\\nodejs\\node_modules\\npm\\bin\\npm-cli.js',
1 verbose cli   'i',
1 verbose cli   'typescript-collections' ]
2 info using npm@1.4.23
3 info using node@v0.10.31
4 verbose node symlink C:\Program Files\nodejs\\node.exe
5 verbose readDependencies using package.json deps
6 verbose cache add [ 'typescript-collections', null ]
7 verbose cache add name=undefined spec="typescript-collections" args=["typescript-collections",null]
8 verbose parsed url { protocol: null,
8 verbose parsed url   slashes: null,
8 verbose parsed url   auth: null,
8 verbose parsed url   host: null,
8 verbose parsed url   port: null,
8 verbose parsed url   hostname: null,
8 verbose parsed url   hash: null,
8 verbose parsed url   search: null,
8 verbose parsed url   query: null,
8 verbose parsed url   pathname: 'typescript-collections',
8 verbose parsed url   path: 'typescript-collections',
8 verbose parsed url   href: 'typescript-collections' }
9 silly lockFile ce576883-typescript-collections typescript-collections
10 verbose lock typescript-collections C:\Users\Makanaki\AppData\Roaming\npm-cache\ce576883-typescript-collections.lock
11 silly lockFile ce576883-typescript-collections typescript-collections
12 silly lockFile ce576883-typescript-collections typescript-collections
13 verbose addNamed [ 'typescript-collections', '' ]
14 verbose addNamed [ null, '*' ]
15 silly lockFile d1217367-typescript-collections typescript-collections@
16 verbose lock typescript-collections@ C:\Users\Makanaki\AppData\Roaming\npm-cache\d1217367-typescript-collections.lock
17 silly addNameRange { name: 'typescript-collections', range: '*', hasData: false }
18 verbose request where is /typescript-collections
19 verbose request registry https://registry.npmjs.org/
20 verbose request id 18a38fe3d416b27c
21 verbose url raw /typescript-collections
22 verbose url resolving [ 'https://registry.npmjs.org/', './typescript-collections' ]
23 verbose url resolved https://registry.npmjs.org/typescript-collections
24 verbose request where is https://registry.npmjs.org/typescript-collections
25 info trying registry request attempt 1 at 15:03:11
26 http GET https://registry.npmjs.org/typescript-collections
27 http 404 https://registry.npmjs.org/typescript-collections
28 verbose headers { date: 'Thu, 18 Dec 2014 13:03:21 GMT',
28 verbose headers   server: 'CouchDB/1.5.0 (Erlang OTP/R16B03)',
28 verbose headers   'content-type': 'application/json',
28 verbose headers   'cache-control': 'max-age=0',
28 verbose headers   'content-length': '52',
28 verbose headers   'accept-ranges': 'bytes',
28 verbose headers   via: '1.1 varnish',
28 verbose headers   age: '0',
28 verbose headers   'x-served-by': 'cache-lcy1135-LCY',
28 verbose headers   'x-cache': 'MISS',
28 verbose headers   'x-cache-hits': '0',
28 verbose headers   'x-timer': 'S1418907801.721166,VS0,VE150',
28 verbose headers   'keep-alive': 'timeout=10, max=50',
28 verbose headers   connection: 'Keep-Alive' }
29 silly registry.get cb [ 404,
29 silly registry.get   { date: 'Thu, 18 Dec 2014 13:03:21 GMT',
29 silly registry.get     server: 'CouchDB/1.5.0 (Erlang OTP/R16B03)',
29 silly registry.get     'content-type': 'application/json',
29 silly registry.get     'cache-control': 'max-age=0',
29 silly registry.get     'content-length': '52',
29 silly registry.get     'accept-ranges': 'bytes',
29 silly registry.get     via: '1.1 varnish',
29 silly registry.get     age: '0',
29 silly registry.get     'x-served-by': 'cache-lcy1135-LCY',
29 silly registry.get     'x-cache': 'MISS',
29 silly registry.get     'x-cache-hits': '0',
29 silly registry.get     'x-timer': 'S1418907801.721166,VS0,VE150',
29 silly registry.get     'keep-alive': 'timeout=10, max=50',
29 silly registry.get     connection: 'Keep-Alive' } ]
30 silly lockFile d1217367-typescript-collections typescript-collections@
31 silly lockFile d1217367-typescript-collections typescript-collections@
32 error 404 404 Not Found: typescript-collections
32 error 404
32 error 404 'typescript-collections' is not in the npm registry.
32 error 404 You should bug the author to publish it
32 error 404 It was specified as a dependency of 'my-app'
32 error 404
32 error 404 Note that you can also install from a
32 error 404 tarball, folder, or http url, or git url.
33 error System Windows_NT 6.1.7601
34 error command "C:\\Program Files\\nodejs\\\\node.exe" "C:\\Program Files\\nodejs\\node_modules\\npm\\bin\\npm-cli.js" "i" "typescript-collections"
35 error cwd c:\javascript\adhoc
36 error node -v v0.10.31
37 error npm -v 1.4.23
38 error code E404
39 verbose exit [ 1, true ]
